<?xml version="1.0" encoding="UTF-8"?>
<testsuite xmlns:xsi="http://www.w3.org/2001/XMLSchema-instance" xsi:noNamespaceSchemaLocation="https://maven.apache.org/surefire/maven-surefire-plugin/xsd/surefire-test-report.xsd" version="3.0.2" name="TestSuite" time="32.267" tests="4" errors="0" skipped="0" failures="0">
  <properties>
    <property name="java.specification.version" value="23"/>
    <property name="sun.cpu.isalist" value="amd64"/>
    <property name="sun.jnu.encoding" value="Cp1252"/>
    <property name="sun.awt.enableExtraMouseButtons" value="true"/>
    <property name="java.class.path" value="C:\Users\ssipl\SeleniumWebDriver_Pavan\OpenCartv.1.2.1\target\test-classes;C:\Users\ssipl\SeleniumWebDriver_Pavan\OpenCartv.1.2.1\target\classes;C:\Users\ssipl\.m2\repository\org\seleniumhq\selenium\selenium-java\4.31.0\selenium-java-4.31.0.jar;C:\Users\ssipl\.m2\repository\org\seleniumhq\selenium\selenium-api\4.31.0\selenium-api-4.31.0.jar;C:\Users\ssipl\.m2\repository\org\jspecify\jspecify\1.0.0\jspecify-1.0.0.jar;C:\Users\ssipl\.m2\repository\org\seleniumhq\selenium\selenium-chrome-driver\4.31.0\selenium-chrome-driver-4.31.0.jar;C:\Users\ssipl\.m2\repository\com\google\auto\service\auto-service-annotations\1.1.1\auto-service-annotations-1.1.1.jar;C:\Users\ssipl\.m2\repository\org\seleniumhq\selenium\selenium-chromium-driver\4.31.0\selenium-chromium-driver-4.31.0.jar;C:\Users\ssipl\.m2\repository\org\seleniumhq\selenium\selenium-json\4.31.0\selenium-json-4.31.0.jar;C:\Users\ssipl\.m2\repository\org\seleniumhq\selenium\selenium-manager\4.31.0\selenium-manager-4.31.0.jar;C:\Users\ssipl\.m2\repository\org\seleniumhq\selenium\selenium-devtools-v133\4.31.0\selenium-devtools-v133-4.31.0.jar;C:\Users\ssipl\.m2\repository\org\seleniumhq\selenium\selenium-devtools-v134\4.31.0\selenium-devtools-v134-4.31.0.jar;C:\Users\ssipl\.m2\repository\org\seleniumhq\selenium\selenium-devtools-v135\4.31.0\selenium-devtools-v135-4.31.0.jar;C:\Users\ssipl\.m2\repository\org\seleniumhq\selenium\selenium-edge-driver\4.31.0\selenium-edge-driver-4.31.0.jar;C:\Users\ssipl\.m2\repository\org\seleniumhq\selenium\selenium-firefox-driver\4.31.0\selenium-firefox-driver-4.31.0.jar;C:\Users\ssipl\.m2\repository\org\seleniumhq\selenium\selenium-http\4.31.0\selenium-http-4.31.0.jar;C:\Users\ssipl\.m2\repository\org\seleniumhq\selenium\selenium-ie-driver\4.31.0\selenium-ie-driver-4.31.0.jar;C:\Users\ssipl\.m2\repository\org\seleniumhq\selenium\selenium-remote-driver\4.31.0\selenium-remote-driver-4.31.0.jar;C:\Users\ssipl\.m2\repository\com\google\guava\guava\33.4.6-jre\guava-33.4.6-jre.jar;C:\Users\ssipl\.m2\repository\com\google\guava\failureaccess\1.0.3\failureaccess-1.0.3.jar;C:\Users\ssipl\.m2\repository\com\google\guava\listenablefuture\9999.0-empty-to-avoid-conflict-with-guava\listenablefuture-9999.0-empty-to-avoid-conflict-with-guava.jar;C:\Users\ssipl\.m2\repository\com\google\errorprone\error_prone_annotations\2.36.0\error_prone_annotations-2.36.0.jar;C:\Users\ssipl\.m2\repository\com\google\j2objc\j2objc-annotations\3.0.0\j2objc-annotations-3.0.0.jar;C:\Users\ssipl\.m2\repository\io\opentelemetry\opentelemetry-api\1.48.0\opentelemetry-api-1.48.0.jar;C:\Users\ssipl\.m2\repository\io\opentelemetry\opentelemetry-context\1.48.0\opentelemetry-context-1.48.0.jar;C:\Users\ssipl\.m2\repository\io\opentelemetry\opentelemetry-exporter-logging\1.48.0\opentelemetry-exporter-logging-1.48.0.jar;C:\Users\ssipl\.m2\repository\io\opentelemetry\opentelemetry-sdk-common\1.48.0\opentelemetry-sdk-common-1.48.0.jar;C:\Users\ssipl\.m2\repository\io\opentelemetry\opentelemetry-sdk-extension-autoconfigure-spi\1.48.0\opentelemetry-sdk-extension-autoconfigure-spi-1.48.0.jar;C:\Users\ssipl\.m2\repository\io\opentelemetry\opentelemetry-sdk-extension-autoconfigure\1.48.0\opentelemetry-sdk-extension-autoconfigure-1.48.0.jar;C:\Users\ssipl\.m2\repository\io\opentelemetry\opentelemetry-sdk-trace\1.48.0\opentelemetry-sdk-trace-1.48.0.jar;C:\Users\ssipl\.m2\repository\io\opentelemetry\opentelemetry-sdk\1.48.0\opentelemetry-sdk-1.48.0.jar;C:\Users\ssipl\.m2\repository\io\opentelemetry\opentelemetry-sdk-metrics\1.48.0\opentelemetry-sdk-metrics-1.48.0.jar;C:\Users\ssipl\.m2\repository\io\opentelemetry\opentelemetry-sdk-logs\1.48.0\opentelemetry-sdk-logs-1.48.0.jar;C:\Users\ssipl\.m2\repository\net\bytebuddy\byte-buddy\1.17.5\byte-buddy-1.17.5.jar;C:\Users\ssipl\.m2\repository\org\seleniumhq\selenium\selenium-os\4.31.0\selenium-os-4.31.0.jar;C:\Users\ssipl\.m2\repository\org\apache\commons\commons-exec\1.4.0\commons-exec-1.4.0.jar;C:\Users\ssipl\.m2\repository\org\seleniumhq\selenium\selenium-safari-driver\4.31.0\selenium-safari-driver-4.31.0.jar;C:\Users\ssipl\.m2\repository\org\seleniumhq\selenium\selenium-support\4.31.0\selenium-support-4.31.0.jar;C:\Users\ssipl\.m2\repository\org\apache\poi\poi\5.4.1\poi-5.4.1.jar;C:\Users\ssipl\.m2\repository\commons-codec\commons-codec\1.18.0\commons-codec-1.18.0.jar;C:\Users\ssipl\.m2\repository\org\apache\commons\commons-collections4\4.4\commons-collections4-4.4.jar;C:\Users\ssipl\.m2\repository\org\apache\commons\commons-math3\3.6.1\commons-math3-3.6.1.jar;C:\Users\ssipl\.m2\repository\com\zaxxer\SparseBitSet\1.3\SparseBitSet-1.3.jar;C:\Users\ssipl\.m2\repository\org\apache\poi\poi-ooxml\5.4.1\poi-ooxml-5.4.1.jar;C:\Users\ssipl\.m2\repository\org\apache\poi\poi-ooxml-lite\5.4.1\poi-ooxml-lite-5.4.1.jar;C:\Users\ssipl\.m2\repository\org\apache\xmlbeans\xmlbeans\5.3.0\xmlbeans-5.3.0.jar;C:\Users\ssipl\.m2\repository\org\apache\commons\commons-compress\1.27.1\commons-compress-1.27.1.jar;C:\Users\ssipl\.m2\repository\com\github\virtuald\curvesapi\1.08\curvesapi-1.08.jar;C:\Users\ssipl\.m2\repository\org\apache\logging\log4j\log4j-core\2.24.3\log4j-core-2.24.3.jar;C:\Users\ssipl\.m2\repository\org\apache\logging\log4j\log4j-api\2.24.3\log4j-api-2.24.3.jar;C:\Users\ssipl\.m2\repository\org\apache\logging\log4j\log4j-slf4j-impl\2.24.3\log4j-slf4j-impl-2.24.3.jar;C:\Users\ssipl\.m2\repository\org\slf4j\slf4j-api\1.7.36\slf4j-api-1.7.36.jar;C:\Users\ssipl\.m2\repository\commons-io\commons-io\2.19.0\commons-io-2.19.0.jar;C:\Users\ssipl\.m2\repository\org\apache\commons\commons-lang3\3.17.0\commons-lang3-3.17.0.jar;C:\Users\ssipl\.m2\repository\org\testng\testng\7.11.0\testng-7.11.0.jar;C:\Users\ssipl\.m2\repository\org\jcommander\jcommander\1.83\jcommander-1.83.jar;C:\Users\ssipl\.m2\repository\org\webjars\jquery\3.7.1\jquery-3.7.1.jar;C:\Users\ssipl\.m2\repository\com\aventstack\extentreports\5.1.2\extentreports-5.1.2.jar;C:\Users\ssipl\.m2\repository\io\reactivex\rxjava3\rxjava\3.1.6\rxjava-3.1.6.jar;C:\Users\ssipl\.m2\repository\org\reactivestreams\reactive-streams\1.0.4\reactive-streams-1.0.4.jar;C:\Users\ssipl\.m2\repository\org\freemarker\freemarker\2.3.32\freemarker-2.3.32.jar;C:\Users\ssipl\.m2\repository\org\projectlombok\lombok\1.18.26\lombok-1.18.26.jar;C:\Users\ssipl\.m2\repository\com\google\code\gson\gson\2.10.1\gson-2.10.1.jar;C:\Users\ssipl\.m2\repository\org\apache\commons\commons-email\1.6.0\commons-email-1.6.0.jar;C:\Users\ssipl\.m2\repository\com\sun\mail\jakarta.mail\1.6.7\jakarta.mail-1.6.7.jar;C:\Users\ssipl\.m2\repository\com\sun\activation\jakarta.activation\1.2.1\jakarta.activation-1.2.1.jar;"/>
    <property name="java.vm.vendor" value="Oracle Corporation"/>
    <property name="sun.arch.data.model" value="64"/>
    <property name="user.variant" value=""/>
    <property name="java.vendor.url" value="https://java.oracle.com/"/>
    <property name="user.timezone" value="America/Halifax"/>
    <property name="os.name" value="Windows 11"/>
    <property name="java.vm.specification.version" value="23"/>
    <property name="sun.java.launcher" value="SUN_STANDARD"/>
    <property name="user.country" value="CA"/>
    <property name="sun.boot.library.path" value="C:\Program Files\Java\jdk-23\bin"/>
    <property name="sun.java.command" value="C:\Users\ssipl\AppData\Local\Temp\surefire1265087832172767973\surefirebooter-20250519183621203_3.jar C:\Users\ssipl\AppData\Local\Temp\surefire1265087832172767973 2025-05-19T18-36-21_082-jvmRun1 surefire-20250519183621203_1tmp surefire_0-20250519183621203_2tmp"/>
    <property name="jdk.debug" value="release"/>
    <property name="surefire.test.class.path" value="C:\Users\ssipl\SeleniumWebDriver_Pavan\OpenCartv.1.2.1\target\test-classes;C:\Users\ssipl\SeleniumWebDriver_Pavan\OpenCartv.1.2.1\target\classes;C:\Users\ssipl\.m2\repository\org\seleniumhq\selenium\selenium-java\4.31.0\selenium-java-4.31.0.jar;C:\Users\ssipl\.m2\repository\org\seleniumhq\selenium\selenium-api\4.31.0\selenium-api-4.31.0.jar;C:\Users\ssipl\.m2\repository\org\jspecify\jspecify\1.0.0\jspecify-1.0.0.jar;C:\Users\ssipl\.m2\repository\org\seleniumhq\selenium\selenium-chrome-driver\4.31.0\selenium-chrome-driver-4.31.0.jar;C:\Users\ssipl\.m2\repository\com\google\auto\service\auto-service-annotations\1.1.1\auto-service-annotations-1.1.1.jar;C:\Users\ssipl\.m2\repository\org\seleniumhq\selenium\selenium-chromium-driver\4.31.0\selenium-chromium-driver-4.31.0.jar;C:\Users\ssipl\.m2\repository\org\seleniumhq\selenium\selenium-json\4.31.0\selenium-json-4.31.0.jar;C:\Users\ssipl\.m2\repository\org\seleniumhq\selenium\selenium-manager\4.31.0\selenium-manager-4.31.0.jar;C:\Users\ssipl\.m2\repository\org\seleniumhq\selenium\selenium-devtools-v133\4.31.0\selenium-devtools-v133-4.31.0.jar;C:\Users\ssipl\.m2\repository\org\seleniumhq\selenium\selenium-devtools-v134\4.31.0\selenium-devtools-v134-4.31.0.jar;C:\Users\ssipl\.m2\repository\org\seleniumhq\selenium\selenium-devtools-v135\4.31.0\selenium-devtools-v135-4.31.0.jar;C:\Users\ssipl\.m2\repository\org\seleniumhq\selenium\selenium-edge-driver\4.31.0\selenium-edge-driver-4.31.0.jar;C:\Users\ssipl\.m2\repository\org\seleniumhq\selenium\selenium-firefox-driver\4.31.0\selenium-firefox-driver-4.31.0.jar;C:\Users\ssipl\.m2\repository\org\seleniumhq\selenium\selenium-http\4.31.0\selenium-http-4.31.0.jar;C:\Users\ssipl\.m2\repository\org\seleniumhq\selenium\selenium-ie-driver\4.31.0\selenium-ie-driver-4.31.0.jar;C:\Users\ssipl\.m2\repository\org\seleniumhq\selenium\selenium-remote-driver\4.31.0\selenium-remote-driver-4.31.0.jar;C:\Users\ssipl\.m2\repository\com\google\guava\guava\33.4.6-jre\guava-33.4.6-jre.jar;C:\Users\ssipl\.m2\repository\com\google\guava\failureaccess\1.0.3\failureaccess-1.0.3.jar;C:\Users\ssipl\.m2\repository\com\google\guava\listenablefuture\9999.0-empty-to-avoid-conflict-with-guava\listenablefuture-9999.0-empty-to-avoid-conflict-with-guava.jar;C:\Users\ssipl\.m2\repository\com\google\errorprone\error_prone_annotations\2.36.0\error_prone_annotations-2.36.0.jar;C:\Users\ssipl\.m2\repository\com\google\j2objc\j2objc-annotations\3.0.0\j2objc-annotations-3.0.0.jar;C:\Users\ssipl\.m2\repository\io\opentelemetry\opentelemetry-api\1.48.0\opentelemetry-api-1.48.0.jar;C:\Users\ssipl\.m2\repository\io\opentelemetry\opentelemetry-context\1.48.0\opentelemetry-context-1.48.0.jar;C:\Users\ssipl\.m2\repository\io\opentelemetry\opentelemetry-exporter-logging\1.48.0\opentelemetry-exporter-logging-1.48.0.jar;C:\Users\ssipl\.m2\repository\io\opentelemetry\opentelemetry-sdk-common\1.48.0\opentelemetry-sdk-common-1.48.0.jar;C:\Users\ssipl\.m2\repository\io\opentelemetry\opentelemetry-sdk-extension-autoconfigure-spi\1.48.0\opentelemetry-sdk-extension-autoconfigure-spi-1.48.0.jar;C:\Users\ssipl\.m2\repository\io\opentelemetry\opentelemetry-sdk-extension-autoconfigure\1.48.0\opentelemetry-sdk-extension-autoconfigure-1.48.0.jar;C:\Users\ssipl\.m2\repository\io\opentelemetry\opentelemetry-sdk-trace\1.48.0\opentelemetry-sdk-trace-1.48.0.jar;C:\Users\ssipl\.m2\repository\io\opentelemetry\opentelemetry-sdk\1.48.0\opentelemetry-sdk-1.48.0.jar;C:\Users\ssipl\.m2\repository\io\opentelemetry\opentelemetry-sdk-metrics\1.48.0\opentelemetry-sdk-metrics-1.48.0.jar;C:\Users\ssipl\.m2\repository\io\opentelemetry\opentelemetry-sdk-logs\1.48.0\opentelemetry-sdk-logs-1.48.0.jar;C:\Users\ssipl\.m2\repository\net\bytebuddy\byte-buddy\1.17.5\byte-buddy-1.17.5.jar;C:\Users\ssipl\.m2\repository\org\seleniumhq\selenium\selenium-os\4.31.0\selenium-os-4.31.0.jar;C:\Users\ssipl\.m2\repository\org\apache\commons\commons-exec\1.4.0\commons-exec-1.4.0.jar;C:\Users\ssipl\.m2\repository\org\seleniumhq\selenium\selenium-safari-driver\4.31.0\selenium-safari-driver-4.31.0.jar;C:\Users\ssipl\.m2\repository\org\seleniumhq\selenium\selenium-support\4.31.0\selenium-support-4.31.0.jar;C:\Users\ssipl\.m2\repository\org\apache\poi\poi\5.4.1\poi-5.4.1.jar;C:\Users\ssipl\.m2\repository\commons-codec\commons-codec\1.18.0\commons-codec-1.18.0.jar;C:\Users\ssipl\.m2\repository\org\apache\commons\commons-collections4\4.4\commons-collections4-4.4.jar;C:\Users\ssipl\.m2\repository\org\apache\commons\commons-math3\3.6.1\commons-math3-3.6.1.jar;C:\Users\ssipl\.m2\repository\com\zaxxer\SparseBitSet\1.3\SparseBitSet-1.3.jar;C:\Users\ssipl\.m2\repository\org\apache\poi\poi-ooxml\5.4.1\poi-ooxml-5.4.1.jar;C:\Users\ssipl\.m2\repository\org\apache\poi\poi-ooxml-lite\5.4.1\poi-ooxml-lite-5.4.1.jar;C:\Users\ssipl\.m2\repository\org\apache\xmlbeans\xmlbeans\5.3.0\xmlbeans-5.3.0.jar;C:\Users\ssipl\.m2\repository\org\apache\commons\commons-compress\1.27.1\commons-compress-1.27.1.jar;C:\Users\ssipl\.m2\repository\com\github\virtuald\curvesapi\1.08\curvesapi-1.08.jar;C:\Users\ssipl\.m2\repository\org\apache\logging\log4j\log4j-core\2.24.3\log4j-core-2.24.3.jar;C:\Users\ssipl\.m2\repository\org\apache\logging\log4j\log4j-api\2.24.3\log4j-api-2.24.3.jar;C:\Users\ssipl\.m2\repository\org\apache\logging\log4j\log4j-slf4j-impl\2.24.3\log4j-slf4j-impl-2.24.3.jar;C:\Users\ssipl\.m2\repository\org\slf4j\slf4j-api\1.7.36\slf4j-api-1.7.36.jar;C:\Users\ssipl\.m2\repository\commons-io\commons-io\2.19.0\commons-io-2.19.0.jar;C:\Users\ssipl\.m2\repository\org\apache\commons\commons-lang3\3.17.0\commons-lang3-3.17.0.jar;C:\Users\ssipl\.m2\repository\org\testng\testng\7.11.0\testng-7.11.0.jar;C:\Users\ssipl\.m2\repository\org\jcommander\jcommander\1.83\jcommander-1.83.jar;C:\Users\ssipl\.m2\repository\org\webjars\jquery\3.7.1\jquery-3.7.1.jar;C:\Users\ssipl\.m2\repository\com\aventstack\extentreports\5.1.2\extentreports-5.1.2.jar;C:\Users\ssipl\.m2\repository\io\reactivex\rxjava3\rxjava\3.1.6\rxjava-3.1.6.jar;C:\Users\ssipl\.m2\repository\org\reactivestreams\reactive-streams\1.0.4\reactive-streams-1.0.4.jar;C:\Users\ssipl\.m2\repository\org\freemarker\freemarker\2.3.32\freemarker-2.3.32.jar;C:\Users\ssipl\.m2\repository\org\projectlombok\lombok\1.18.26\lombok-1.18.26.jar;C:\Users\ssipl\.m2\repository\com\google\code\gson\gson\2.10.1\gson-2.10.1.jar;C:\Users\ssipl\.m2\repository\org\apache\commons\commons-email\1.6.0\commons-email-1.6.0.jar;C:\Users\ssipl\.m2\repository\com\sun\mail\jakarta.mail\1.6.7\jakarta.mail-1.6.7.jar;C:\Users\ssipl\.m2\repository\com\sun\activation\jakarta.activation\1.2.1\jakarta.activation-1.2.1.jar;"/>
    <property name="sun.cpu.endian" value="little"/>
    <property name="user.home" value="C:\Users\ssipl"/>
    <property name="user.language" value="en"/>
    <property name="java.specification.vendor" value="Oracle Corporation"/>
    <property name="java.version.date" value="2025-01-21"/>
    <property name="java.home" value="C:\Program Files\Java\jdk-23"/>
    <property name="file.separator" value="\"/>
    <property name="basedir" value="C:\Users\ssipl\SeleniumWebDriver_Pavan\OpenCartv.1.2.1"/>
    <property name="java.vm.compressedOopsMode" value="Zero based"/>
    <property name="line.separator" value="&#10;"/>
    <property name="java.vm.specification.vendor" value="Oracle Corporation"/>
    <property name="java.specification.name" value="Java Platform API Specification"/>
    <property name="surefire.real.class.path" value="C:\Users\ssipl\AppData\Local\Temp\surefire1265087832172767973\surefirebooter-20250519183621203_3.jar"/>
    <property name="user.script" value=""/>
    <property name="sun.management.compiler" value="HotSpot 64-Bit Tiered Compilers"/>
    <property name="java.runtime.version" value="23.0.2+7-58"/>
    <property name="user.name" value="ss"/>
    <property name="stdout.encoding" value="Cp1252"/>
    <property name="path.separator" value=";"/>
    <property name="os.version" value="10.0"/>
    <property name="java.runtime.name" value="Java(TM) SE Runtime Environment"/>
    <property name="file.encoding" value="UTF-8"/>
    <property name="java.vm.name" value="Java HotSpot(TM) 64-Bit Server VM"/>
    <property name="localRepository" value="C:\Users\ssipl\.m2\repository"/>
    <property name="java.vendor.url.bug" value="https://bugreport.java.com/bugreport/"/>
    <property name="java.io.tmpdir" value="C:\Users\ssipl\AppData\Local\Temp\"/>
    <property name="java.version" value="23.0.2"/>
    <property name="user.dir" value="C:\Users\ssipl\SeleniumWebDriver_Pavan\OpenCartv.1.2.1"/>
    <property name="os.arch" value="amd64"/>
    <property name="java.vm.specification.name" value="Java Virtual Machine Specification"/>
    <property name="sun.os.patch.level" value=""/>
    <property name="native.encoding" value="Cp1252"/>
    <property name="java.library.path" value="C:\Program Files\Java\jdk-23\bin;C:\WINDOWS\Sun\Java\bin;C:\WINDOWS\system32;C:\WINDOWS;C:\Program Files\Common Files\Oracle\Java\javapath;C:\WINDOWS\system32;C:\WINDOWS;C:\WINDOWS\System32\Wbem;C:\WINDOWS\System32\WindowsPowerShell\v1.0\;C:\WINDOWS\System32\OpenSSH\;C:\Program Files\dotnet\;C:\Program Files\Java\jdk-23\bin;C:\Disk D\Study\Selenium\Installed\apache-maven-3.9.9-bin\apache-maven-3.9.9\bin;C:\Program Files\nodejs\;C:\Program Files\nodejs\node_modules;C:\Program Files\Docker\Docker\resources\bin;C:\Program Files\apache-maven-3.9.9\bin;C:\Program Files\Git\cmd;C:\Users\ssipl\AppData\Local\Microsoft\WindowsApps;C:\Users\ssipl\AppData\Local\JetBrains\Toolbox\scripts;C:\Users\ssipl\AppData\Local\Microsoft\WindowsApps;C:\Users\ssipl\AppData\Roaming\npm;."/>
    <property name="java.vm.info" value="mixed mode, sharing"/>
    <property name="stderr.encoding" value="Cp1252"/>
    <property name="java.vendor" value="Oracle Corporation"/>
    <property name="java.vm.version" value="23.0.2+7-58"/>
    <property name="sun.io.unicode.encoding" value="UnicodeLittle"/>
    <property name="java.class.version" value="67.0"/>
  </properties>
  <testcase name="verifyProductCompareNumberDDT[HTC Touch HD, 1](1)" classname="testCases.TC015_ProductCompareNumberDDT" time="5.511">
    <system-out><![CDATA[2025-05-19 18:36:21 DEBUG TestNG:82 - suiteXmlPath: "C:\Users\ssipl\SeleniumWebDriver_Pavan\OpenCartv.1.2.1\master.xml"
2025-05-19 18:36:30 DEBUG InternalWorkbook:198 - Workbook (readfile) created with reclen=320
2025-05-19 18:36:30 DEBUG InternalWorkbook:332 - exit create workbook from existing file function
2025-05-19 18:36:30 DEBUG HSSFWorkbook:468 - convertLabelRecords called
2025-05-19 18:36:30 DEBUG HSSFWorkbook:487 - convertLabelRecords exit
2025-05-19 18:36:30 DEBUG InternalSheet:336 - sheet createSheet (existing file) exited
2025-05-19 18:36:30 DEBUG HSSFSheet:211 - Time at start of cell creating in HSSF sheet = 1747690590970
2025-05-19 18:36:30 DEBUG HSSFSheet:250 - total sheet cell creation took 8ms
2025-05-19 18:36:30 DEBUG InternalSheet:336 - sheet createSheet (existing file) exited
2025-05-19 18:36:30 DEBUG HSSFSheet:211 - Time at start of cell creating in HSSF sheet = 1747690590978
2025-05-19 18:36:30 DEBUG HSSFSheet:250 - total sheet cell creation took 2ms
2025-05-19 18:36:30 DEBUG InternalSheet:336 - sheet createSheet (existing file) exited
2025-05-19 18:36:30 DEBUG HSSFSheet:211 - Time at start of cell creating in HSSF sheet = 1747690590980
2025-05-19 18:36:30 DEBUG HSSFSheet:250 - total sheet cell creation took 0ms
2025-05-19 18:36:30 DEBUG InternalSheet:336 - sheet createSheet (existing file) exited
2025-05-19 18:36:30 DEBUG HSSFSheet:211 - Time at start of cell creating in HSSF sheet = 1747690590980
2025-05-19 18:36:30 DEBUG HSSFSheet:250 - total sheet cell creation took 2ms
2025-05-19 18:36:30 DEBUG InternalSheet:336 - sheet createSheet (existing file) exited
2025-05-19 18:36:30 DEBUG HSSFSheet:211 - Time at start of cell creating in HSSF sheet = 1747690590982
2025-05-19 18:36:30 DEBUG HSSFSheet:250 - total sheet cell creation took 0ms
2025-05-19 18:36:30 DEBUG InternalWorkbook:198 - Workbook (readfile) created with reclen=320
2025-05-19 18:36:30 DEBUG InternalWorkbook:332 - exit create workbook from existing file function
2025-05-19 18:36:30 DEBUG HSSFWorkbook:468 - convertLabelRecords called
2025-05-19 18:36:30 DEBUG HSSFWorkbook:487 - convertLabelRecords exit
2025-05-19 18:36:30 DEBUG InternalSheet:336 - sheet createSheet (existing file) exited
2025-05-19 18:36:30 DEBUG HSSFSheet:211 - Time at start of cell creating in HSSF sheet = 1747690590986
2025-05-19 18:36:30 DEBUG HSSFSheet:250 - total sheet cell creation took 0ms
2025-05-19 18:36:30 DEBUG InternalSheet:336 - sheet createSheet (existing file) exited
2025-05-19 18:36:30 DEBUG HSSFSheet:211 - Time at start of cell creating in HSSF sheet = 1747690590986
2025-05-19 18:36:30 DEBUG HSSFSheet:250 - total sheet cell creation took 0ms
2025-05-19 18:36:30 DEBUG InternalSheet:336 - sheet createSheet (existing file) exited
2025-05-19 18:36:30 DEBUG HSSFSheet:211 - Time at start of cell creating in HSSF sheet = 1747690590986
2025-05-19 18:36:30 DEBUG HSSFSheet:250 - total sheet cell creation took 0ms
2025-05-19 18:36:30 DEBUG InternalSheet:336 - sheet createSheet (existing file) exited
2025-05-19 18:36:30 DEBUG HSSFSheet:211 - Time at start of cell creating in HSSF sheet = 1747690590986
2025-05-19 18:36:30 DEBUG HSSFSheet:250 - total sheet cell creation took 0ms
2025-05-19 18:36:30 DEBUG InternalSheet:336 - sheet createSheet (existing file) exited
2025-05-19 18:36:30 DEBUG HSSFSheet:211 - Time at start of cell creating in HSSF sheet = 1747690590986
2025-05-19 18:36:30 DEBUG HSSFSheet:250 - total sheet cell creation took 0ms
2025-05-19 18:36:30 DEBUG InternalWorkbook:198 - Workbook (readfile) created with reclen=320
2025-05-19 18:36:30 DEBUG InternalWorkbook:332 - exit create workbook from existing file function
2025-05-19 18:36:30 DEBUG HSSFWorkbook:468 - convertLabelRecords called
2025-05-19 18:36:30 DEBUG HSSFWorkbook:487 - convertLabelRecords exit
2025-05-19 18:36:30 DEBUG InternalSheet:336 - sheet createSheet (existing file) exited
2025-05-19 18:36:30 DEBUG HSSFSheet:211 - Time at start of cell creating in HSSF sheet = 1747690590986
2025-05-19 18:36:30 DEBUG HSSFSheet:250 - total sheet cell creation took 0ms
2025-05-19 18:36:30 DEBUG InternalSheet:336 - sheet createSheet (existing file) exited
2025-05-19 18:36:31 DEBUG HSSFSheet:211 - Time at start of cell creating in HSSF sheet = 1747690591002
2025-05-19 18:36:31 DEBUG HSSFSheet:250 - total sheet cell creation took 0ms
2025-05-19 18:36:31 DEBUG InternalSheet:336 - sheet createSheet (existing file) exited
2025-05-19 18:36:31 DEBUG HSSFSheet:211 - Time at start of cell creating in HSSF sheet = 1747690591002
2025-05-19 18:36:31 DEBUG HSSFSheet:250 - total sheet cell creation took 0ms
2025-05-19 18:36:31 DEBUG InternalSheet:336 - sheet createSheet (existing file) exited
2025-05-19 18:36:31 DEBUG HSSFSheet:211 - Time at start of cell creating in HSSF sheet = 1747690591005
2025-05-19 18:36:31 DEBUG HSSFSheet:250 - total sheet cell creation took 0ms
2025-05-19 18:36:31 DEBUG InternalSheet:336 - sheet createSheet (existing file) exited
2025-05-19 18:36:31 DEBUG HSSFSheet:211 - Time at start of cell creating in HSSF sheet = 1747690591005
2025-05-19 18:36:31 DEBUG HSSFSheet:250 - total sheet cell creation took 0ms
2025-05-19 18:36:31 DEBUG InternalWorkbook:198 - Workbook (readfile) created with reclen=320
2025-05-19 18:36:31 DEBUG InternalWorkbook:332 - exit create workbook from existing file function
2025-05-19 18:36:31 DEBUG HSSFWorkbook:468 - convertLabelRecords called
2025-05-19 18:36:31 DEBUG HSSFWorkbook:487 - convertLabelRecords exit
2025-05-19 18:36:31 DEBUG InternalSheet:336 - sheet createSheet (existing file) exited
2025-05-19 18:36:31 DEBUG HSSFSheet:211 - Time at start of cell creating in HSSF sheet = 1747690591005
2025-05-19 18:36:31 DEBUG HSSFSheet:250 - total sheet cell creation took 0ms
2025-05-19 18:36:31 DEBUG InternalSheet:336 - sheet createSheet (existing file) exited
2025-05-19 18:36:31 DEBUG HSSFSheet:211 - Time at start of cell creating in HSSF sheet = 1747690591005
2025-05-19 18:36:31 DEBUG HSSFSheet:250 - total sheet cell creation took 0ms
2025-05-19 18:36:31 DEBUG InternalSheet:336 - sheet createSheet (existing file) exited
2025-05-19 18:36:31 DEBUG HSSFSheet:211 - Time at start of cell creating in HSSF sheet = 1747690591005
2025-05-19 18:36:31 DEBUG HSSFSheet:250 - total sheet cell creation took 0ms
2025-05-19 18:36:31 DEBUG InternalSheet:336 - sheet createSheet (existing file) exited
2025-05-19 18:36:31 DEBUG HSSFSheet:211 - Time at start of cell creating in HSSF sheet = 1747690591005
2025-05-19 18:36:31 DEBUG HSSFSheet:250 - total sheet cell creation took 0ms
2025-05-19 18:36:31 DEBUG InternalSheet:336 - sheet createSheet (existing file) exited
2025-05-19 18:36:31 DEBUG HSSFSheet:211 - Time at start of cell creating in HSSF sheet = 1747690591005
2025-05-19 18:36:31 DEBUG HSSFSheet:250 - total sheet cell creation took 0ms
2025-05-19 18:36:31 DEBUG InternalWorkbook:198 - Workbook (readfile) created with reclen=320
2025-05-19 18:36:31 DEBUG InternalWorkbook:332 - exit create workbook from existing file function
2025-05-19 18:36:31 DEBUG HSSFWorkbook:468 - convertLabelRecords called
2025-05-19 18:36:31 DEBUG HSSFWorkbook:487 - convertLabelRecords exit
2025-05-19 18:36:31 DEBUG InternalSheet:336 - sheet createSheet (existing file) exited
2025-05-19 18:36:31 DEBUG HSSFSheet:211 - Time at start of cell creating in HSSF sheet = 1747690591021
2025-05-19 18:36:31 DEBUG HSSFSheet:250 - total sheet cell creation took 0ms
2025-05-19 18:36:31 DEBUG InternalSheet:336 - sheet createSheet (existing file) exited
2025-05-19 18:36:31 DEBUG HSSFSheet:211 - Time at start of cell creating in HSSF sheet = 1747690591021
2025-05-19 18:36:31 DEBUG HSSFSheet:250 - total sheet cell creation took 2ms
2025-05-19 18:36:31 DEBUG InternalSheet:336 - sheet createSheet (existing file) exited
2025-05-19 18:36:31 DEBUG HSSFSheet:211 - Time at start of cell creating in HSSF sheet = 1747690591023
2025-05-19 18:36:31 DEBUG HSSFSheet:250 - total sheet cell creation took 0ms
2025-05-19 18:36:31 DEBUG InternalSheet:336 - sheet createSheet (existing file) exited
2025-05-19 18:36:31 DEBUG HSSFSheet:211 - Time at start of cell creating in HSSF sheet = 1747690591023
2025-05-19 18:36:31 DEBUG HSSFSheet:250 - total sheet cell creation took 0ms
2025-05-19 18:36:31 DEBUG InternalSheet:336 - sheet createSheet (existing file) exited
2025-05-19 18:36:31 DEBUG HSSFSheet:211 - Time at start of cell creating in HSSF sheet = 1747690591023
2025-05-19 18:36:31 DEBUG HSSFSheet:250 - total sheet cell creation took 0ms
2025-05-19 18:36:31 DEBUG InternalWorkbook:198 - Workbook (readfile) created with reclen=320
2025-05-19 18:36:31 DEBUG InternalWorkbook:332 - exit create workbook from existing file function
2025-05-19 18:36:31 DEBUG HSSFWorkbook:468 - convertLabelRecords called
2025-05-19 18:36:31 DEBUG HSSFWorkbook:487 - convertLabelRecords exit
2025-05-19 18:36:31 DEBUG InternalSheet:336 - sheet createSheet (existing file) exited
2025-05-19 18:36:31 DEBUG HSSFSheet:211 - Time at start of cell creating in HSSF sheet = 1747690591028
2025-05-19 18:36:31 DEBUG HSSFSheet:250 - total sheet cell creation took 0ms
2025-05-19 18:36:31 DEBUG InternalSheet:336 - sheet createSheet (existing file) exited
2025-05-19 18:36:31 DEBUG HSSFSheet:211 - Time at start of cell creating in HSSF sheet = 1747690591028
2025-05-19 18:36:31 DEBUG HSSFSheet:250 - total sheet cell creation took 0ms
2025-05-19 18:36:31 DEBUG InternalSheet:336 - sheet createSheet (existing file) exited
2025-05-19 18:36:31 DEBUG HSSFSheet:211 - Time at start of cell creating in HSSF sheet = 1747690591028
2025-05-19 18:36:31 DEBUG HSSFSheet:250 - total sheet cell creation took 0ms
2025-05-19 18:36:31 DEBUG InternalSheet:336 - sheet createSheet (existing file) exited
2025-05-19 18:36:31 DEBUG HSSFSheet:211 - Time at start of cell creating in HSSF sheet = 1747690591030
2025-05-19 18:36:31 DEBUG HSSFSheet:250 - total sheet cell creation took 0ms
2025-05-19 18:36:31 DEBUG InternalSheet:336 - sheet createSheet (existing file) exited
2025-05-19 18:36:31 DEBUG HSSFSheet:211 - Time at start of cell creating in HSSF sheet = 1747690591030
2025-05-19 18:36:31 DEBUG HSSFSheet:250 - total sheet cell creation took 0ms
2025-05-19 18:36:31 DEBUG InternalWorkbook:198 - Workbook (readfile) created with reclen=320
2025-05-19 18:36:31 DEBUG InternalWorkbook:332 - exit create workbook from existing file function
2025-05-19 18:36:31 DEBUG HSSFWorkbook:468 - convertLabelRecords called
2025-05-19 18:36:31 DEBUG HSSFWorkbook:487 - convertLabelRecords exit
2025-05-19 18:36:31 DEBUG InternalSheet:336 - sheet createSheet (existing file) exited
2025-05-19 18:36:31 DEBUG HSSFSheet:211 - Time at start of cell creating in HSSF sheet = 1747690591032
2025-05-19 18:36:31 DEBUG HSSFSheet:250 - total sheet cell creation took 0ms
2025-05-19 18:36:31 DEBUG InternalSheet:336 - sheet createSheet (existing file) exited
2025-05-19 18:36:31 DEBUG HSSFSheet:211 - Time at start of cell creating in HSSF sheet = 1747690591034
2025-05-19 18:36:31 DEBUG HSSFSheet:250 - total sheet cell creation took 0ms
2025-05-19 18:36:31 DEBUG InternalSheet:336 - sheet createSheet (existing file) exited
2025-05-19 18:36:31 DEBUG HSSFSheet:211 - Time at start of cell creating in HSSF sheet = 1747690591034
2025-05-19 18:36:31 DEBUG HSSFSheet:250 - total sheet cell creation took 0ms
2025-05-19 18:36:31 DEBUG InternalSheet:336 - sheet createSheet (existing file) exited
2025-05-19 18:36:31 DEBUG HSSFSheet:211 - Time at start of cell creating in HSSF sheet = 1747690591034
2025-05-19 18:36:31 DEBUG HSSFSheet:250 - total sheet cell creation took 0ms
2025-05-19 18:36:31 DEBUG InternalSheet:336 - sheet createSheet (existing file) exited
2025-05-19 18:36:31 DEBUG HSSFSheet:211 - Time at start of cell creating in HSSF sheet = 1747690591034
2025-05-19 18:36:31 DEBUG HSSFSheet:250 - total sheet cell creation took 0ms
2025-05-19 18:36:31 DEBUG InternalWorkbook:198 - Workbook (readfile) created with reclen=320
2025-05-19 18:36:31 DEBUG InternalWorkbook:332 - exit create workbook from existing file function
2025-05-19 18:36:31 DEBUG HSSFWorkbook:468 - convertLabelRecords called
2025-05-19 18:36:31 DEBUG HSSFWorkbook:487 - convertLabelRecords exit
2025-05-19 18:36:31 DEBUG InternalSheet:336 - sheet createSheet (existing file) exited
2025-05-19 18:36:31 DEBUG HSSFSheet:211 - Time at start of cell creating in HSSF sheet = 1747690591036
2025-05-19 18:36:31 DEBUG HSSFSheet:250 - total sheet cell creation took 0ms
2025-05-19 18:36:31 DEBUG InternalSheet:336 - sheet createSheet (existing file) exited
2025-05-19 18:36:31 DEBUG HSSFSheet:211 - Time at start of cell creating in HSSF sheet = 1747690591036
2025-05-19 18:36:31 DEBUG HSSFSheet:250 - total sheet cell creation took 0ms
2025-05-19 18:36:31 DEBUG InternalSheet:336 - sheet createSheet (existing file) exited
2025-05-19 18:36:31 DEBUG HSSFSheet:211 - Time at start of cell creating in HSSF sheet = 1747690591036
2025-05-19 18:36:31 DEBUG HSSFSheet:250 - total sheet cell creation took 0ms
2025-05-19 18:36:31 DEBUG InternalSheet:336 - sheet createSheet (existing file) exited
2025-05-19 18:36:31 DEBUG HSSFSheet:211 - Time at start of cell creating in HSSF sheet = 1747690591036
2025-05-19 18:36:31 DEBUG HSSFSheet:250 - total sheet cell creation took 0ms
2025-05-19 18:36:31 DEBUG InternalSheet:336 - sheet createSheet (existing file) exited
2025-05-19 18:36:31 DEBUG HSSFSheet:211 - Time at start of cell creating in HSSF sheet = 1747690591036
2025-05-19 18:36:31 DEBUG HSSFSheet:250 - total sheet cell creation took 0ms
2025-05-19 18:36:31 DEBUG InternalWorkbook:198 - Workbook (readfile) created with reclen=320
2025-05-19 18:36:31 DEBUG InternalWorkbook:332 - exit create workbook from existing file function
2025-05-19 18:36:31 DEBUG HSSFWorkbook:468 - convertLabelRecords called
2025-05-19 18:36:31 DEBUG HSSFWorkbook:487 - convertLabelRecords exit
2025-05-19 18:36:31 DEBUG InternalSheet:336 - sheet createSheet (existing file) exited
2025-05-19 18:36:31 DEBUG HSSFSheet:211 - Time at start of cell creating in HSSF sheet = 1747690591036
2025-05-19 18:36:31 DEBUG HSSFSheet:250 - total sheet cell creation took 0ms
2025-05-19 18:36:31 DEBUG InternalSheet:336 - sheet createSheet (existing file) exited
2025-05-19 18:36:31 DEBUG HSSFSheet:211 - Time at start of cell creating in HSSF sheet = 1747690591036
2025-05-19 18:36:31 DEBUG HSSFSheet:250 - total sheet cell creation took 0ms
2025-05-19 18:36:31 DEBUG InternalSheet:336 - sheet createSheet (existing file) exited
2025-05-19 18:36:31 DEBUG HSSFSheet:211 - Time at start of cell creating in HSSF sheet = 1747690591036
2025-05-19 18:36:31 DEBUG HSSFSheet:250 - total sheet cell creation took 0ms
2025-05-19 18:36:31 DEBUG InternalSheet:336 - sheet createSheet (existing file) exited
2025-05-19 18:36:31 DEBUG HSSFSheet:211 - Time at start of cell creating in HSSF sheet = 1747690591036
2025-05-19 18:36:31 DEBUG HSSFSheet:250 - total sheet cell creation took 0ms
2025-05-19 18:36:31 DEBUG InternalSheet:336 - sheet createSheet (existing file) exited
2025-05-19 18:36:31 DEBUG HSSFSheet:211 - Time at start of cell creating in HSSF sheet = 1747690591036
2025-05-19 18:36:31 DEBUG HSSFSheet:250 - total sheet cell creation took 0ms
2025-05-19 18:36:31 DEBUG InternalWorkbook:198 - Workbook (readfile) created with reclen=320
2025-05-19 18:36:31 DEBUG InternalWorkbook:332 - exit create workbook from existing file function
2025-05-19 18:36:31 DEBUG HSSFWorkbook:468 - convertLabelRecords called
2025-05-19 18:36:31 DEBUG HSSFWorkbook:487 - convertLabelRecords exit
2025-05-19 18:36:31 DEBUG InternalSheet:336 - sheet createSheet (existing file) exited
2025-05-19 18:36:31 DEBUG HSSFSheet:211 - Time at start of cell creating in HSSF sheet = 1747690591036
2025-05-19 18:36:31 DEBUG HSSFSheet:250 - total sheet cell creation took 0ms
2025-05-19 18:36:31 DEBUG InternalSheet:336 - sheet createSheet (existing file) exited
2025-05-19 18:36:31 DEBUG HSSFSheet:211 - Time at start of cell creating in HSSF sheet = 1747690591036
2025-05-19 18:36:31 DEBUG HSSFSheet:250 - total sheet cell creation took 0ms
2025-05-19 18:36:31 DEBUG InternalSheet:336 - sheet createSheet (existing file) exited
2025-05-19 18:36:31 DEBUG HSSFSheet:211 - Time at start of cell creating in HSSF sheet = 1747690591049
2025-05-19 18:36:31 DEBUG HSSFSheet:250 - total sheet cell creation took 0ms
2025-05-19 18:36:31 DEBUG InternalSheet:336 - sheet createSheet (existing file) exited
2025-05-19 18:36:31 DEBUG HSSFSheet:211 - Time at start of cell creating in HSSF sheet = 1747690591051
2025-05-19 18:36:31 DEBUG HSSFSheet:250 - total sheet cell creation took 0ms
2025-05-19 18:36:31 DEBUG InternalSheet:336 - sheet createSheet (existing file) exited
2025-05-19 18:36:31 DEBUG HSSFSheet:211 - Time at start of cell creating in HSSF sheet = 1747690591052
2025-05-19 18:36:31 DEBUG HSSFSheet:250 - total sheet cell creation took 0ms
2025-05-19 18:36:31 INFO  TC015_ProductCompareNumberDDT:18 - ***** Starting TC015_ProductCompareNumberDDT ***** 
2025-05-19 18:36:31 INFO  TC015_ProductCompareNumberDDT:24 - Product name provided
2025-05-19 18:36:31 INFO  TC015_ProductCompareNumberDDT:26 - Search button clicked
2025-05-19 18:36:33 INFO  TC015_ProductCompareNumberDDT:31 - Compare Product button clicked
2025-05-19 18:36:36 INFO  TC015_ProductCompareNumberDDT:34 - Comparison Product link clicked
2025-05-19 18:36:36 INFO  TC015_ProductCompareNumberDDT:36 - Verify number of products to compare
2025-05-19 18:36:36 INFO  TC015_ProductCompareNumberDDT:41 - Test passed
2025-05-19 18:36:36 INFO  TC015_ProductCompareNumberDDT:47 - ***** Finished TC014_ProductCompareNameDDT *****
]]></system-out>
    <system-err><![CDATA[May 19, 2025 6:36:23 P.M. org.openqa.selenium.devtools.CdpVersionFinder findNearestMatch
WARNING: Unable to find an exact match for CDP version 136, returning the closest version; found: 135; Please update to a Selenium version that supports CDP version 136
]]></system-err>
  </testcase>
  <testcase name="verifyProductCompareNumberDDT[iPhone, 2](2)" classname="testCases.TC015_ProductCompareNumberDDT" time="5.445">
    <system-out><![CDATA[2025-05-19 18:36:36 INFO  TC015_ProductCompareNumberDDT:18 - ***** Starting TC015_ProductCompareNumberDDT ***** 
2025-05-19 18:36:36 INFO  TC015_ProductCompareNumberDDT:24 - Product name provided
2025-05-19 18:36:37 INFO  TC015_ProductCompareNumberDDT:26 - Search button clicked
2025-05-19 18:36:39 INFO  TC015_ProductCompareNumberDDT:31 - Compare Product button clicked
2025-05-19 18:36:42 INFO  TC015_ProductCompareNumberDDT:34 - Comparison Product link clicked
2025-05-19 18:36:42 INFO  TC015_ProductCompareNumberDDT:36 - Verify number of products to compare
2025-05-19 18:36:42 INFO  TC015_ProductCompareNumberDDT:41 - Test passed
2025-05-19 18:36:42 INFO  TC015_ProductCompareNumberDDT:47 - ***** Finished TC014_ProductCompareNameDDT *****
]]></system-out>
  </testcase>
  <testcase name="verifyProductCompareNumberDDT[iPod Classic, 3](3)" classname="testCases.TC015_ProductCompareNumberDDT" time="5.397">
    <system-out><![CDATA[2025-05-19 18:36:42 INFO  TC015_ProductCompareNumberDDT:18 - ***** Starting TC015_ProductCompareNumberDDT ***** 
2025-05-19 18:36:42 INFO  TC015_ProductCompareNumberDDT:24 - Product name provided
2025-05-19 18:36:42 INFO  TC015_ProductCompareNumberDDT:26 - Search button clicked
2025-05-19 18:36:44 INFO  TC015_ProductCompareNumberDDT:31 - Compare Product button clicked
2025-05-19 18:36:47 INFO  TC015_ProductCompareNumberDDT:34 - Comparison Product link clicked
2025-05-19 18:36:47 INFO  TC015_ProductCompareNumberDDT:36 - Verify number of products to compare
2025-05-19 18:36:47 INFO  TC015_ProductCompareNumberDDT:41 - Test passed
2025-05-19 18:36:47 INFO  TC015_ProductCompareNumberDDT:47 - ***** Finished TC014_ProductCompareNameDDT *****
]]></system-out>
  </testcase>
  <testcase name="verifyProductCompareNumberDDT[Palm Treo Pro, 4](4)" classname="testCases.TC015_ProductCompareNumberDDT" time="5.442">
    <system-out><![CDATA[2025-05-19 18:36:47 INFO  TC015_ProductCompareNumberDDT:18 - ***** Starting TC015_ProductCompareNumberDDT ***** 
2025-05-19 18:36:47 INFO  TC015_ProductCompareNumberDDT:24 - Product name provided
2025-05-19 18:36:48 INFO  TC015_ProductCompareNumberDDT:26 - Search button clicked
2025-05-19 18:36:50 INFO  TC015_ProductCompareNumberDDT:31 - Compare Product button clicked
2025-05-19 18:36:52 INFO  TC015_ProductCompareNumberDDT:34 - Comparison Product link clicked
2025-05-19 18:36:52 INFO  TC015_ProductCompareNumberDDT:36 - Verify number of products to compare
2025-05-19 18:36:52 INFO  TC015_ProductCompareNumberDDT:41 - Test passed
2025-05-19 18:36:52 INFO  TC015_ProductCompareNumberDDT:47 - ***** Finished TC014_ProductCompareNameDDT *****
]]></system-out>
  </testcase>
</testsuite>