<?xml version="1.0" encoding="UTF-8"?>
<!-- Generated by org.testng.reporters.JUnitReportReporter -->
<testsuite hostname="Svetlana" failures="0" tests="2" name="testCases.TC002_LoginTest" time="9.702" errors="0" timestamp="2025-05-28T16:03:50 ADT" skipped="0">
  <testcase classname="testCases.TC002_LoginTest" name="verifyLogin" time="5.324"/>
  <testcase classname="testCases.TC002_LoginTest" name="verifyLogin" time="4.378"/>
</testsuite> <!-- testCases.TC002_LoginTest -->
