<?xml version="1.0" encoding="UTF-8"?>
<!-- Generated by org.testng.reporters.JUnitReportReporter -->
<testsuite hostname="Svetlana" failures="0" tests="1" name="testCases.TC007LoginNoCredentials" time="1.675" errors="0" timestamp="2025-05-08T21:52:29 ADT" skipped="0">
  <testcase classname="testCases.TC007LoginNoCredentials" name="verifyLogin" time="1.675"/>
</testsuite> <!-- testCases.TC007LoginNoCredentials -->
