<?xml version="1.0" encoding="UTF-8"?>
<!-- Generated by org.testng.reporters.JUnitReportReporter -->
<testsuite hostname="Svetlana" failures="0" tests="1" name="testCases.TC017_EndToEnd" time="27.119" errors="0" timestamp="2025-05-27T19:39:57 ADT" skipped="0">
  <testcase classname="testCases.TC017_EndToEnd" name="endToEndTest" time="27.119"/>
</testsuite> <!-- testCases.TC017_EndToEnd -->
