<?xml version="1.0" encoding="UTF-8"?>
<!-- Generated by org.testng.reporters.JUnitReportReporter -->
<testsuite hostname="Svetlana" failures="0" tests="6" name="testCases.TC003_LoginDDT" time="48.820" errors="0" timestamp="2025-05-02T19:46:28 ADT" skipped="0">
  <testcase classname="testCases.TC003_LoginDDT" name="verifyLoginDDT" time="5.152"/>
  <testcase classname="testCases.TC003_LoginDDT" name="verifyLoginDDT" time="13.617"/>
  <testcase classname="testCases.TC003_LoginDDT" name="verifyLoginDDT" time="5.357"/>
  <testcase classname="testCases.TC003_LoginDDT" name="verifyLoginDDT" time="5.204"/>
  <testcase classname="testCases.TC003_LoginDDT" name="verifyLoginDDT" time="14.289"/>
  <testcase classname="testCases.TC003_LoginDDT" name="verifyLoginDDT" time="5.201"/>
</testsuite> <!-- testCases.TC003_LoginDDT -->
