<?xml version="1.0" encoding="UTF-8"?>
<!-- Generated by org.testng.reporters.JUnitReportReporter -->
<testsuite hostname="Svetlana" failures="0" tests="2" name="testCases.TC014_ProductCompareDDT" time="13.544" errors="0" timestamp="2025-05-17T23:14:22 ADT" skipped="0">
  <testcase classname="testCases.TC014_ProductCompareDDT" name="verifyProductCompare" time="6.736"/>
  <testcase classname="testCases.TC014_ProductCompareDDT" name="verifyProductCompare" time="6.808"/>
</testsuite> <!-- testCases.TC014_ProductCompareDDT -->
