<?xml version="1.0" encoding="UTF-8"?>
<!-- Generated by org.testng.reporters.JUnitReportReporter -->
<testsuite hostname="Svetlana" failures="0" tests="1" name="testCases.TC016_AddToCart" time="5.316" errors="0" timestamp="2025-05-25T14:48:10 ADT" skipped="0">
  <testcase classname="testCases.TC016_AddToCart" name="verifyAddToCart" time="5.316"/>
</testsuite> <!-- testCases.TC016_AddToCart -->
