<?xml version="1.0" encoding="UTF-8"?>
<!-- Generated by org.testng.reporters.JUnitReportReporter -->
<testsuite hostname="Svetlana" failures="0" tests="1" name="testCases.TC010_Search_ExistingProductName" time="0.746" errors="0" timestamp="2025-05-24T18:59:41 ADT" skipped="0">
  <testcase classname="testCases.TC010_Search_ExistingProductName" name="verifySearchExistingProductName" time="0.746"/>
</testsuite> <!-- testCases.TC010_Search_ExistingProductName -->
