<?xml version="1.0" encoding="UTF-8"?>
<!-- Generated by org.testng.reporters.JUnitReportReporter -->
<testsuite hostname="Svetlana" failures="0" tests="1" name="testCases.TC012_Search_MultipleProducts" time="1.207" errors="0" timestamp="2025-05-15T16:29:07 ADT" skipped="0">
  <testcase classname="testCases.TC012_Search_MultipleProducts" name="verifySearchMultipleProducts" time="1.207"/>
</testsuite> <!-- testCases.TC012_Search_MultipleProducts -->
