<?xml version="1.0" encoding="UTF-8"?>
<!-- Generated by org.testng.reporters.JUnitReportReporter -->
<testsuite hostname="Svetlana" failures="0" tests="1" name="testCases.TC002_LoginTest" time="1.713" errors="0" timestamp="2025-05-07T15:47:37 ADT" skipped="0">
  <testcase classname="testCases.TC002_LoginTest" name="verifyLogin" time="1.713"/>
</testsuite> <!-- testCases.TC002_LoginTest -->
