<?xml version="1.0" encoding="UTF-8"?>
<!-- Generated by org.testng.reporters.JUnitReportReporter -->
<testsuite hostname="Svetlana" failures="0" tests="1" name="testCases.TC012_Search_MultipleProducts" time="0.999" errors="0" timestamp="2025-05-25T13:07:42 ADT" skipped="0">
  <testcase classname="testCases.TC012_Search_MultipleProducts" name="verifySearchMultipleProducts" time="0.999"/>
</testsuite> <!-- testCases.TC012_Search_MultipleProducts -->
