<?xml version="1.0" encoding="UTF-8"?>
<!-- Generated by org.testng.reporters.JUnitReportReporter -->
<testsuite hostname="Svetlana" failures="0" tests="1" name="testCases.TC006_Registration_YesSelected" time="3.735" errors="0" timestamp="2025-05-11T18:38:44 ADT" skipped="0">
  <testcase classname="testCases.TC006_Registration_YesSelected" name="verifyAccountRegistration" time="3.735"/>
</testsuite> <!-- testCases.TC006_Registration_YesSelected -->
