<?xml version="1.0" encoding="UTF-8"?>
<!-- Generated by org.testng.reporters.JUnitReportReporter -->
<testsuite hostname="Svetlana" failures="0" tests="1" name="testCases.TC005_Registration_VerifyEmailWarningMsg" time="3.375" errors="0" timestamp="2025-05-11T18:36:17 ADT" skipped="0">
  <testcase classname="testCases.TC005_Registration_VerifyEmailWarningMsg" name="verifyEmailWarningMsg" time="3.375"/>
</testsuite> <!-- testCases.TC005_Registration_VerifyEmailWarningMsg -->
