<?xml version="1.0" encoding="UTF-8"?>
<!-- Generated by org.testng.reporters.JUnitReportReporter -->
<testsuite hostname="Svetlana" failures="0" tests="2" name="testCases.TC001_RegistrationTest" time="6.528" errors="0" timestamp="2025-05-28T16:03:50 ADT" skipped="0">
  <testcase classname="testCases.TC001_RegistrationTest" name="verifyAccountRegistration" time="3.523"/>
  <testcase classname="testCases.TC001_RegistrationTest" name="verifyAccountRegistration" time="3.005"/>
</testsuite> <!-- testCases.TC001_RegistrationTest -->
