<?xml version="1.0" encoding="UTF-8"?>
<!-- Generated by org.testng.reporters.JUnitReportReporter -->
<testsuite hostname="Svetlana" failures="0" tests="1" name="testCases.TC007_Login_NoCredentials" time="1.853" errors="0" timestamp="2025-05-11T18:54:13 ADT" skipped="0">
  <testcase classname="testCases.TC007_Login_NoCredentials" name="verifyLogin_NoCredentials" time="1.853"/>
</testsuite> <!-- testCases.TC007_Login_NoCredentials -->
