<?xml version="1.0" encoding="UTF-8"?>
<!-- Generated by org.testng.reporters.JUnitReportReporter -->
<testsuite hostname="Svetlana" failures="0" tests="1" name="testCases.TC008_Logout" time="4.624" errors="0" timestamp="2025-05-11T19:01:36 ADT" skipped="0">
  <testcase classname="testCases.TC008_Logout" name="verifyLogout" time="4.624"/>
</testsuite> <!-- testCases.TC008_Logout -->
