<?xml version="1.0" encoding="UTF-8"?>
<!-- Generated by org.testng.reporters.JUnitReportReporter -->
<testsuite hostname="Svetlana" failures="0" tests="4" name="testCases.TC015_ProductCompareNumberDDT" time="22.433" errors="0" timestamp="2025-05-24T14:37:41 ADT" skipped="0">
  <testcase classname="testCases.TC015_ProductCompareNumberDDT" name="verifyProductCompareNumberDDT" time="5.639"/>
  <testcase classname="testCases.TC015_ProductCompareNumberDDT" name="verifyProductCompareNumberDDT" time="5.732"/>
  <testcase classname="testCases.TC015_ProductCompareNumberDDT" name="verifyProductCompareNumberDDT" time="5.518"/>
  <testcase classname="testCases.TC015_ProductCompareNumberDDT" name="verifyProductCompareNumberDDT" time="5.544"/>
</testsuite> <!-- testCases.TC015_ProductCompareNumberDDT -->
