<?xml version="1.0" encoding="UTF-8"?>
<!-- Generated by org.testng.reporters.JUnitReportReporter -->
<testsuite hostname="Svetlana" failures="0" tests="3" name="testCases.TC001_RegistrationTest" time="9.130" errors="0" timestamp="2025-05-24T16:43:43 ADT" skipped="0">
  <testcase classname="testCases.TC001_RegistrationTest" name="verifyAccountRegistration" time="3.328"/>
  <testcase classname="testCases.TC001_RegistrationTest" name="verifyAccountRegistration" time="3.158"/>
  <testcase classname="testCases.TC001_RegistrationTest" name="verifyAccountRegistration" time="2.644"/>
</testsuite> <!-- testCases.TC001_RegistrationTest -->
