<?xml version="1.0" encoding="UTF-8"?>
<!-- Generated by org.testng.reporters.JUnitReportReporter -->
<testsuite hostname="Svetlana" failures="0" tests="4" name="testCases.TC015_ProductCompareNumberDDT" time="21.798" errors="0" timestamp="2025-05-19T18:36:53 ADT" skipped="0">
  <testcase classname="testCases.TC015_ProductCompareNumberDDT" name="verifyProductCompareNumberDDT" time="5.505"/>
  <testcase classname="testCases.TC015_ProductCompareNumberDDT" name="verifyProductCompareNumberDDT" time="5.441"/>
  <testcase classname="testCases.TC015_ProductCompareNumberDDT" name="verifyProductCompareNumberDDT" time="5.397"/>
  <testcase classname="testCases.TC015_ProductCompareNumberDDT" name="verifyProductCompareNumberDDT" time="5.455"/>
</testsuite> <!-- testCases.TC015_ProductCompareNumberDDT -->
